<?xml version="1.0" encoding="UTF-8"?>
<!-- Generated by org.testng.reporters.JUnitReportReporter -->
<testsuite skipped="1" hostname="del1-lhp-N61396" name="remoteTesting.dockerValidation.chromeTest3" tests="1" failures="0" timestamp="21 Sep 2020 20:48:13 GMT" time="0.000" errors="0">
  <testcase name="test3" time="0.000" classname="remoteTesting.dockerValidation.chromeTest3">
    <skipped/>
  </testcase> <!-- test3 -->
</testsuite> <!-- remoteTesting.dockerValidation.chromeTest3 -->
